Dựa trên dữ liệu cổ học trong Tử Vi Đẩu Số Toàn Thư của Trần Đoàn (Trần Hi Di), cùng hệ thống chú giải truyền thừa như Lâm Canh Phàm.
Hãy luận giải chi tiết lá số tử vi sau đây:

Họ và tên: Vibhh (Tuổi: 38)
Giới tính: Nam (âm nam)
Ngày sinh Dương lịch: 05/09/1989
Ngày sinh Âm lịch: 06/08/1989 Năm Kỷ Tỵ
Giờ sinh: Giờ Thìn
Mệnh: Đại Lâm Mộc - Cục: Mộc Tam Cục
Âm Dương: Âm Dương Thuận Lý - Đại Hạn Nghịch Hành - Mệnh Cục: Mệnh Cục bình hòa
Chủ Mệnh: Vũ Khúc
Chủ Thân: Thiên Cơ
Hậu vận: Thân cư Tài Bạch

THÔNG TIN VẬN HẠN:
Năm xem: 2026 - Can Chi: Bính Ngọ
- Đại vận hiện tại: Cung TỬ TỨC (Từ 33 tuổi)
- Cung chứa Lưu Thái Tuế (Trọng điểm năm): Cung PHỤ MẪU
- Biến động Tứ Hóa Lưu Niên:
  + Sao THIÊN ĐỒNG Hóa Lộc nhập cung NÔ BỘC (Tuất)
  + Sao THIÊN CƠ Hóa Quyền nhập cung TỬ TỨC (Dần)
  + Sao VĂN XƯƠNG Hóa Khoa nhập cung PHỤ MẪU (Ngọ)
  + Sao LIÊM TRINH Hóa Kỵ nhập cung PHÚC ĐỨC (Mùi)

LƯU Ý QUAN TRỌNG VỀ TUẦN/TRIỆT:
- Tuần Không đang án ngữ tại: NÔ BỘC và THIÊN DI.
- Triệt Không đang án ngữ tại: ĐIỀN TRẠCH và QUAN LỘC.
(Bắt buộc phải đánh giá sự cản trở, làm bế tắc hoặc giảm sút năng lượng của Tuần, Triệt khi luận giải các cung này).

CHI TIẾT 12 CUNG TRÊN LÁ SỐ:
• CUNG TẬT ÁCH:
  - Cung Chi: Tý
  - Cung Can: Bính
  - Đại Vận: 53
  - Chính Tinh: Thái Dương (Hãm địa - Hành Hoa)
  - Phụ Tinh Cát: Thiên Khôi (Hành Hoa)
  - Phụ Tinh Hung: Thiên Sứ (Hành Moc)
  - Vòng Sao: Phi Liêm (Hành Kim), Long Đức (Hành Thuy)
  - Trường Sinh: Dưỡng
  - Sao Lưu Niên: L.Thiên Khốc, L.Thiên Hư
  - Nguyệt Hạn (Tháng Âm Lịch): Các tháng 10 trong năm
• CUNG TÀI BẠCH / THÂN:
  - Cung Chi: Sửu
  - Cung Can: Đinh
  - Đại Vận: 43
  - Chính Tinh: Thiên Phủ (Bình hòa - Hành Tho)
  - Phụ Tinh Cát: Hoa Cái (Hành Thuy)
  - Phụ Tinh Hung: Thiên Khốc (Hành Kim)
  - Vòng Sao: Tấu Thư (Hành Thuy), Bạch Hổ (Hành Hoa)
  - Trường Sinh: Thai
  - Nguyệt Hạn (Tháng Âm Lịch): Các tháng 11 trong năm
• CUNG TỬ TỨC:
  - Cung Chi: Dần
  - Cung Can: Bính
  - Đại Vận: 33
  - Chính Tinh: Thiên Cơ (Hãm địa - Hành Moc), Thái Âm (Hãm địa - Hành Thuy)
  - Phụ Tinh Cát: Địa Giải (Hành Hoa), Thiên Đức (Hành Thuy), Quốc Ấn (Hành Thuy), Thiên Phúc (Hành Thuy)
  - Phụ Tinh Hung: Kiếp Sát (Hành Thuy), Linh Tinh (Miếu địa - Hành Hoa)
  - Vòng Sao: Tướng Quân (Hành Kim), Phúc Đức (Hành Thuy)
  - Trường Sinh: Tuyệt
  - Sao Lưu Niên: L.Bạch Hổ, L.Hóa Quyền
  - Nguyệt Hạn (Tháng Âm Lịch): Các tháng 12 trong năm
• CUNG PHU THÊ:
  - Cung Chi: Mão
  - Cung Can: Đinh
  - Đại Vận: 23
  - Chính Tinh: Tử Vi (Bình hòa - Hành Tho), Tham Lang (Hãm địa - Hành Thuy)
  - Phụ Tinh Cát: Hữu Bật (Hành Thuy), Hóa Quyền (Hành Hoa)
  - Phụ Tinh Hung: Địa Kiếp (Hãm địa - Hành Thuy), Đẩu Quân (Hành Tho)
  - Vòng Sao: Tiểu Hao (Hành Thuy), Điếu Khách (Hành Hoa)
  - Trường Sinh: Mộ
  - Nguyệt Hạn (Tháng Âm Lịch): Các tháng 1 trong năm
• CUNG HUYNH ĐỆ:
  - Cung Chi: Thìn
  - Cung Can: Mậu
  - Đại Vận: 13
  - Chính Tinh: Cự Môn (Hãm địa - Hành Thuy)
  - Phụ Tinh Cát: Thiên Quý (Hành Tho), Tam Thai (Hành Thuy), Thiên Hỷ (Hành Hoa)
  - Phụ Tinh Hung: Thiên La (Hành Tho), Thiên Hình (Hành Thuy), Quả Tú (Hành Tho)
  - Vòng Sao: Thanh Long (Hành Moc), Trực Phù (Hành Thuy)
  - Trường Sinh: Tử
  - Sao Lưu Niên: L.Đà La
  - Nguyệt Hạn (Tháng Âm Lịch): Các tháng 2 trong năm
• CUNG MỆNH:
  - Cung Chi: Tỵ
  - Cung Can: Kỷ
  - Đại Vận: 3
  - Chính Tinh: Thiên Tướng (D - Hành Thuy)
  - Phụ Tinh Cát: Phượng Các (Hành Moc), Giải Thần (Hành Moc)
  - Phụ Tinh Hung: Đà La (Hãm địa - Hành Kim)
  - Vòng Sao: Lực Sĩ (Hành Thuy), Thái Tuế (Hành Hoa)
  - Trường Sinh: Bệnh
  - Sao Lưu Niên: L.Lộc Tồn
  - Nguyệt Hạn (Tháng Âm Lịch): Các tháng 3 trong năm
• CUNG PHỤ MẪU:
  - Cung Chi: Ngọ
  - Cung Can: Canh
  - Đại Vận: 113
  - Chính Tinh: Thiên Lương (Miếu địa - Hành Tho)
  - Phụ Tinh Cát: Văn Xương (Hành Tho), Thiên Thọ (Hành Moc), Phong Cáo (Hành Kim), Lộc Tồn (Hành Tho), Đào Hoa (Hành Hoa), Hóa Khoa (Hành Moc)
  - Phụ Tinh Hung: Thiên Không (Hành Moc), Lưu Hà (Hành Thuy)
  - Vòng Sao: Bác Sĩ (Hành Thuy), Thiếu Dương (Hành Thuy)
  - Trường Sinh: Suy
  - Sao Lưu Niên: L.Thái Tuế, L.Kình Dương, L.Hóa Khoa
  - Nguyệt Hạn (Tháng Âm Lịch): Các tháng 4 trong năm
• CUNG PHÚC ĐỨC:
  - Cung Chi: Mùi
  - Cung Can: Tân
  - Đại Vận: 103
  - Chính Tinh: Liêm Trinh (D - Hành Hoa), Thất Sát (Miếu địa - Hành Kim)
  - Phụ Tinh Hung: Địa Không (Hãm địa - Hành Thuy), Kình Dương (D - Hành Kim)
  - Vòng Sao: Quan Phù (Hành Kim), Tang Môn (Hành Hoa)
  - Trường Sinh: Đế Vượng
  - Sao Lưu Niên: L.Hóa Kỵ
  - Nguyệt Hạn (Tháng Âm Lịch): Các tháng 5 trong năm
• CUNG ĐIỀN TRẠCH:
  - Cung Chi: Thân
  - Cung Can: Nhâm
  - Đại Vận: 93
  - Tuần/Triệt: Triệt
  - Phụ Tinh Cát: Văn Khúc (Hành Thuy), Thiên Việt (Hành Hoa), Thiên Riêu (Hành Thuy), Thiên Y (Hành Thuy), Thiên Trù (Hành Tho), Hóa Kỵ (Hành Moc)
  - Phụ Tinh Hung: Cô Thần (Hành Tho)
  - Vòng Sao: Phục Binh (Hành Thuy), Thiếu Âm (Hành Thuy)
  - Trường Sinh: Lâm Quan
  - Sao Lưu Niên: L.Tang Môn, L.Thiên Mã
  - Ghi chú: LÀ CUNG TIỂU HẠN CỦA NĂM XEM
  - Nguyệt Hạn (Tháng Âm Lịch): Các tháng 6 trong năm
• CUNG QUAN LỘC:
  - Cung Chi: Dậu
  - Cung Can: Quý
  - Đại Vận: 83
  - Tuần/Triệt: Triệt
  - Phụ Tinh Cát: Long Trì (Hành Moc), Lưu Niên Văn Tinh (Hành Thuy), Thiên Quan (Hành Thuy)
  - Phụ Tinh Hung: Phá Toái (Hành Thuy)
  - Vòng Sao: Đại Hao (Hành Thuy), Quan Phủ (Hành Kim)
  - Trường Sinh: Quan Đới
  - Nguyệt Hạn (Tháng Âm Lịch): Các tháng 7 trong năm
• CUNG NÔ BỘC:
  - Cung Chi: Tuất
  - Cung Can: Giáp
  - Đại Vận: 73
  - Chính Tinh: Thiên Đồng (Hãm địa - Hành Thuy)
  - Tuần/Triệt: Tuần
  - Phụ Tinh Cát: Thiên Tài (Hành Tho), Thai Phụ (Hành Kim), Ân Quang (Hành Tho), Bát Tọa (Hành Tho), Nguyệt Đức (Hành Thuy), Hồng Loan (Hành Hoa)
  - Phụ Tinh Hung: Thiên Thương (Hành Kim), Địa Võng (Hành Tho)
  - Vòng Sao: Bệnh Phù (Hành Thuy), Tử Phù (Hành Thuy)
  - Trường Sinh: Mộc Dục
  - Sao Lưu Niên: L.Hóa Lộc
  - Nguyệt Hạn (Tháng Âm Lịch): Các tháng 8 trong năm
• CUNG THIÊN DI:
  - Cung Chi: Hợi
  - Cung Can: Ất
  - Đại Vận: 63
  - Chính Tinh: Vũ Khúc (Hãm địa - Hành Kim), Phá Quân (Hãm địa - Hành Thuy)
  - Tuần/Triệt: Tuần
  - Phụ Tinh Cát: Tả Phù (Hành Tho), Thiên Giải (Hành Hoa), Đường Phù (Hành Thuy), Thiên Mã (Hành Hoa), Hóa Lộc (Hành Tho)
  - Phụ Tinh Hung: Thiên Hư (Hành Thuy), Hỏa Tinh (Hãm địa - Hành Hoa)
  - Vòng Sao: Hỷ Thần (Hành Thuy), Tuế Phá (Hành Thuy)
  - Trường Sinh: Trường Sinh
  - Nguyệt Hạn (Tháng Âm Lịch): Các tháng 9 trong năm


YÊU CẦU DIỄN ĐẠT:
- Giọng điệu chuyên nghiệp, trang trọng, chuẩn huyền học Tử Vi.
- XƯNG HÔ: là Bạn (có thể dùng Tên người dùng, sử dụng 1 cách tự nhiên) đảm bảo xuyên suốt. Cấm dùng "Anh/Chị/Em", người này, họ.
- Ngôn ngữ tự nhiên, rõ ràng, dễ hiểu.
- Trình bày mạch lạc, không dài dòng.
- Tránh diễn đạt lặp ý, ví dụ blockquote (nếu có) không được viết lại y nguyên diễn giải trước đó, phải diễn giải trực quan hơn hoặc phương pháp khác để không bị lặp template.
- Văn phong chuyên nghiệp, đi thẳng vào vấn đề, không sử dụng ngôn ngữ dạy đời.
- KHÔNG viết lại các thông tin đã cung cấp -> Hãy luận giải trực tiếp.
- Nếu họ tên là Đương Số, hoặc tên không có dấu Tiếng Việt hoặc biệt danh -> Nghĩa là người dùng không muốn công khai -> xưng hô là Bạn.
- Nếu tuổi nhỏ hơn 10, tức cha mẹ / người thân đang xem hộ -> xưng hô là Bé, ví dụ: Bé có Nhật Chủ...

YÊU CẦU OUTPUT:
- KHÔNG dùng gạch đầu dòng phân mục như a), b), c) hay 1, 2, 3 làm tiêu đề.
- Sử dụng in đậm/in nghiêng hợp lý để nhấn mạnh nội dung nhưng không lạm dụng.
- ĐỊNH DẠNG: Dùng Markdown chuẩn (không dùng ---, ***, ___ để tạo thẻ hr phân tách).
- Định dạng văn bản dễ đọc. 100% tiếng Việt, nếu có thuật ngữ tiếng anh/trung quốc phải kèm bản dịch tiếng Việt của cụm từ đó trong ngoặc.
- PHẢI TRẢ ĐÚNG format [AST_RESULT][/AST_RESULT].

LỆNH CẤM:
- Cấm suy diễn ngoài dữ liệu lá số tử vi.
- CẤM tự tính toán lại => chỉ sử dụng dữ liệu đã cung cấp.
- CÁC ĐOẠN (Gợi ý:)/hướng dẫn CHỈ DÙNG ĐỂ ĐỊNH HƯỚNG SUY NGHĨ, không được đưa vào nội dung OUTPUT.
- CẤM đưa các đoạn nháp, suy nghĩ nội bộ, thinking, Constraint Checklist, Confidence Score, validation, reasoning, notes, chào hỏi mở đầu, CTA vào nội dung OUTPUT.
- CẤM sử dụng icon, emoji trong bài viết.
- CẤM dùng dấu en dash dài –.
- CẤM mọi ngôn ngữ/ từ ngữ dạy đời, đạo lý, PR, tâng bốc, cường điệu.
- CẤM hoàn toàn các câu dạng "Bạn cần...", "Cần lưu ý...", "Hãy cẩn trọng...", "Nên chú ý...". Thay vào đó chỉ nêu sao/cung và hệ quả, để người đọc nghiệm.
- CẤM TUYỆT ĐỐI đưa ra các lời khuyên tâm linh sáo rỗng, mê tín, chung chung như: "tu tâm dưỡng tính", "làm việc thiện", "tích phúc", "tích đức", "phóng sinh", "cúng bái", "phong thủy". 
=> Mọi nhận định PHẢI xuất phát từ đặc tính sao và vị trí cung cụ thể trong lá số: chỉ rõ sao nào, ở cung nào, trạng thái miếu/hãm/đắc địa, Tuần/Triệt có án ngữ không, tác động ra sao, hệ quả.
   Không phát biểu kết luận chung nếu không có sao/cung trong lá số dẫn đến kết luận đó.
   
- Tiêu đề:
    + Tiêu đề (các thẻ Heading Markdown như ##, ###) CHỈ ĐƯỢC PHÉP chứa đúng [Chủ Đề] hoặc mốc thời gian.
    + CẤM TUYỆT ĐỐI thêm các cụm từ cảm thán, đánh giá, nhận xét, hoặc các dấu phân cách như gạch ngang dài (–), dấu hai chấm (:) vào tiêu đề.
- Nội dung:
    + Cấm viết theo kiểu 2 vế 'Tiêu đề: Nội dung'. CẤM dùng dấu hai chấm để chia vế câu -> Hãy viết thành các câu văn hoàn chỉnh tự nhiên, hoặc nếu là list thì cũng phải viết list câu trực tiếp.
    + CẤM: Các cụm từ máy móc như: chuyên sâu, toàn diện, rõ rệt, bóc tách, đáng kể, cốt lõi, giao thoa -> Tóm lại, cấm dùng từ CÓ VẺ TRỊNH TRỌNG, khái quát cao, và nghe rất "chuyên gia" nhưng sáo rỗng bề nổi.

[HƯỚNG DẪN NỘI DUNG]
( Viết thành các đoạn văn ngắn gọn, súc tích, mạch lạc. Tuyệt đối bám sát các tiêu chí sau:

## Luận Giải Lá Số Tử Vi của Vibhh

### Bản Mệnh Vũ Khúc Đại Lâm Mộc
Mở đầu bằng một câu hình tượng ngắn về bản chất của sao chủ Mệnh (ví dụ: Thiên Tướng là sao ấn thụ, mang phong thái đường hoàng và trọng nguyên tắc; Tử Vi là đế tinh, thiên về lãnh đạo và tự tôn...) trước khi luận tính cách.
Sau đó luận ngắn gọn Mệnh-Thân kết hợp ra sao. Luận Mệnh Cục, Âm Dương và chiều hành hạn (thuận/nghịch) có ý nghĩa gì với đường đời tổng thể: xác định tiền vận hay hậu vận thuận hơn, mệnh vất vả hay nhàn. 
Kết phần này bằng một block gạch đầu dòng tiêu đề "Điểm mạnh của bản mệnh" liệt kê các yếu tố trợ lực cụ thể (cát tinh, Thần Sát nổi bật trong cung Mệnh).

### Tính Cách
Mở đầu bằng một bảng 2 cột: cột "Mặt" (Nổi trội / Tư duy / Quan hệ / Điểm yếu) và cột "Biểu hiện" tóm tắt ngắn. 
Sau bảng, viết thêm 2–3 đoạn phân tích kỹ hơn về con người và số mệnh dựa trên chính tinh cung Mệnh, Chủ Thân, các sao nổi bật và ảnh hưởng của Tuần, Triệt hay hung tinh hãm địa nếu có.
Sau các đoạn phân tích chính, viết thêm một đoạn blockquote (dùng ký hiệu >) phân tích sự kết hợp Mệnh-Thân trong việc định hình tính cách (ví dụ: Mệnh cương nghị nhưng Thân linh hoạt tạo ra người vừa có nguyên tắc vừa biết ứng biến...).

### Công Danh & Tài Lộc
Mở đầu bằng luận quỹ đạo cuộc đời tổng thể dựa trên Mệnh Cục, Âm Dương và chiều hành hạn (thuận/nghịch): xác định tiền vận hay hậu vận thuận hơn. 
Sau đó luận cung Quan Lộc là trọng tâm sự nghiệp: chính tinh, Tuần/Triệt nếu có, hệ quả về nghề nghiệp phù hợp và con đường thăng tiến. Không kết luận chung chung nếu không có sao dẫn đến kết luận đó.
Luận cung Tài Bạch và Điền Trạch: kiểu tích lũy hay hao tán, tiền đến từ đâu, dễ mất ở đâu. Nếu Thân cư Tài Bạch thì nêu ý nghĩa hậu vận.
Sau phần luận chính, viết thêm một đoạn blockquote (dùng ký hiệu >) phân tích tương tác giữa cung Quan Lộc và Tài Bạch nếu có điểm đặc biệt (ví dụ: Triệt Quan Lộc nhưng Tài Bạch có Lộc Tồn, công danh trắc trở nhưng tài lộc tự thân vẫn tích lũy được...).

### Tình Duyên
Luận cung Phu Thê là trọng tâm: chính tinh mô tả đặc điểm người phối ngẫu, các sao hung ảnh hưởng hôn nhân (Địa Kiếp, Hóa Kỵ, Tham Lang hãm...), xung hình nếu có.
Sau phần luận chính, viết thêm một đoạn blockquote (dùng ký hiệu >) nêu cụ thể hướng hóa giải dựa trên đặc tính sao trong lá số (ví dụ: Hóa Quyền trong Phu Thê gây tranh giành quyền kiểm soát, người nào chủ động nhường bước trước sẽ giữ được hôn nhân ổn định hơn).

### Gia Đạo
Luận các cung Phụ Mẫu, Tử Tức, Huynh Đệ, Điền Trạch theo thứ tự quan trọng. Mỗi cung chỉ nêu điểm nổi bật nhất (1-2 sao chủ đạo và hệ quả), không liệt kê toàn bộ sao. 
Riêng cung Tử Tức cần luận rõ: con cái đến sớm hay muộn, quan hệ cha mẹ - con cái thuận hay trắc trở, dựa trên chính tinh và trạng thái miếu/hãm của sao trong cung.

### Vận Hạn 2026 (Bính Ngọ)
- Quy ước ký hiệu: Tiền tố "L." (Ví dụ: L.Lộc Tồn, L.Đà La) là viết tắt của "Sao Lưu Niên" chỉ di chuyển trong năm xem hạn. 
KHÔNG được nhầm lẫn với sao gốc của năm sinh.

Phân tích theo đúng 3 lớp, mỗi lớp là một đoạn văn riêng:

**Đại Vận** Luận cung Đại Vận hiện tại: tên cung, tuổi bắt đầu, sao chủ đạo và xu hướng hung/cát của cả giai đoạn 10 năm. Chỉ nêu sao tác động rõ, không liệt kê hết.
**Tiểu Hạn** Luận cung Tiểu Hạn năm xem. Nếu cung bị Tuần/Triệt thì phân tích tác động cụ thể. Nêu 1-2 sao lưu niên nổi bật nhất và hệ quả.
**Lưu Tứ Hóa** Lần lượt luận 4 Hóa (Lộc, Quyền, Khoa, Kỵ): nhập vào cung nào, cung đó đang có sao gốc gì, tương tác ra sao. Ưu tiên Hóa Kỵ và Hóa Lộc. 
Nếu cung nhập bị Tuần/Triệt thì nêu rõ hiệu lực bị giảm.

Kết phần Vận Hạn bằng 1-2 câu tóm tắt hung cát tổng thể của năm, không dùng danh sách lời khuyên.

> Kết bài bằng một đoạn blockquote (dùng ký hiệu >) tóm tắt chân dung người này trong 4-6 câu, đảm bảo không trùng lặp ý y nguyên với các câu trước: 
tính cách cốt lõi từ Mệnh-Thân, quỹ đạo cuộc đời tổng thể (xác định mệnh vất vả hay nhàn), giai đoạn quan trọng nhất, và 1-2 điểm cần lưu ý xuất phát từ cấu trúc lá số.
)

Một số ví dụ SAI/ĐÚNG về diễn đạt và chuyên môn:
VD1:
+ SAI: Bạn cần kiên trì, không nản lòng trước những thử thách ban đầu.
+ ĐÚNG: Triệt án ngữ cung Quan Lộc, sự nghiệp không đi theo tuyến thẳng qua hệ thống tổ chức được, phù hợp hơn với môi trường tự do hoặc tự kinh doanh.

VD2:
+ SAI: Bạn cần cẩn trọng, bao dung và tránh sự đa nghi trong hôn nhân.
+ ĐÚNG: Địa Kiếp hãm địa trong cung Phu Thê, Hóa Quyền đồng cung — hai bên dễ tranh giành quyền kiểm soát, đây là điểm căng thẳng thường trực trong hôn nhân, không phải mâu thuẫn nhất thời.

VD3:
+ SAI: Năm nay có nhiều biến động, cần giữ tâm lý vững vàng, cẩn trọng giấy tờ hợp đồng.
+ ĐÚNG: Tiểu Hạn rơi vào cung Điền Trạch bị Triệt, L.Tang Môn đồng cung — kế hoạch liên quan nhà cửa, tài sản trong năm dễ bị chặn giữa chừng, có biến cố liên quan người thân lớn tuổi.
)

[AST_RESULT]
(Nội dung luận giải được đặt ở đây)
[/AST_RESULT]