[AST_RESULT]
## Luận Giải Lá Số Tử Vi của Vibhh

### Bản Mệnh Vũ Khúc Đại Lâm Mộc
Vũ Khúc là tài tinh, chủ về sự cương nghị, quả quyết và khả năng nắm giữ tài sản. Thiên Tướng tọa cung Mệnh là ấn tinh, mang phong thái đường hoàng, trọng nguyên tắc và có khả năng quản lý. Mệnh của Bạn thuộc Đại Lâm Mộc, Cục Mộc Tam Cục, Mệnh Cục bình hòa, cùng với Âm Dương Thuận Lý cho thấy một nền tảng cuộc đời khá hài hòa, ít gặp quá nhiều sóng gió lớn từ thuở nhỏ. Tuy nhiên, Đại Hạn Nghịch Hành gợi ý rằng giai đoạn tiền vận (trước tuổi trung niên) có thể trải qua nhiều thử thách, cần nỗ lực và phấn đấu nhiều hơn, còn hậu vận sẽ dần ổn định và phát triển tốt đẹp hơn.

Điểm mạnh của bản mệnh
*   Thiên Tướng D (đắc địa) tại cung Mệnh, mang lại phong thái uy nghi, đường hoàng, khả năng lãnh đạo và quản lý tốt.
*   Phượng Các, Giải Thần đồng cung, giúp Bạn có sự thông minh, khéo léo trong giao tiếp và khả năng giải quyết vấn đề.

### Tính Cách

| Mặt          | Biểu hiện                                                                                                                                                                                                                                                                                            |
| :----------- | :-------------------------------------------------------------------------------------------------------------------------------------------------------------------------------------------------------------------------------------------------------------------------------------------------- |
| Nổi trội     | Nền nếp, đáng tin cậy, có nguyên tắc và trọng uy tín. Luôn giữ thái độ đường hoàng, chính trực trong mọi việc.                                                                                                                                                                                       |
| Tư duy       | Thực tế, quyết đoán, có khả năng tổ chức và quản lý. Tuy nhiên, Đà La đồng cung Mệnh có thể khiến Bạn đôi khi trì trệ, suy nghĩ nhiều, dễ bỏ lỡ cơ hội hoặc chậm trễ trong việc ra quyết định.                                                                                                        |
| Quan hệ      | Dễ tạo được niềm tin từ người khác nhờ phong thái đàng hoàng. Tuy nhiên, Thiên Tướng thường giữ khoảng cách nhất định, không quá cởi mở.                                                                                                                                                               |
| Điểm yếu     | Dễ cứng nhắc, đôi khi thiếu linh hoạt. Đà La gây ra sự do dự, đôi khi tự tạo áp lực cho bản thân, làm chậm trễ tiến độ công việc hoặc mục tiêu.                                                                                                                                                        |

Cung Mệnh có Thiên Tướng đắc địa, Bạn là người có phong thái nghiêm túc, chính trực, đáng tin cậy. Bạn coi trọng nguyên tắc, danh dự và có khả năng điều hành, quản lý. Vũ Khúc là Chủ Mệnh tăng cường tính cách kiên nghị, quyết đoán và thực tế trong mọi hành động. Bạn có xu hướng hành động theo lý trí hơn là cảm tính. Tuy nhiên, Đà La án ngữ tại cung Mệnh cũng là một yếu tố cần lưu ý, nó khiến Bạn dễ trở nên trì trệ, hay suy nghĩ quá nhiều, đôi khi bỏ lỡ cơ hội hoặc gặp cản trở trong bước đầu thực hiện kế hoạch.

Thân cư Tài Bạch với Thiên Phủ, Chủ Thân là Thiên Cơ (hãm địa), cho thấy hậu vận Bạn sẽ dành nhiều tâm sức cho việc quản lý tài chính, kinh doanh. Sự kết hợp này cũng mang lại tính cách linh hoạt, mưu trí, nhưng do Thiên Cơ hãm địa nên đôi khi có phần bất ổn trong tư duy, dễ thay đổi mục tiêu hoặc gặp khó khăn trong việc duy trì sự kiên định.

> Mệnh Thiên Tướng đắc địa thể hiện bản chất quân tử, trọng nghĩa khí và kỷ cương, trong khi Chủ Thân Thiên Cơ (hãm địa) khiến hậu vận có sự biến động trong tư duy, đôi khi mưu sự khó thành nếu không có sự tập trung cao độ. Sự kết hợp này hình thành một người có vẻ ngoài nghiêm túc, có nguyên tắc nhưng bên trong lại không ngừng trăn trở, suy tính, và dễ gặp những ngã rẽ bất ngờ trong cuộc đời, đặc biệt là liên quan đến tiền bạc và sự nghiệp.

### Công Danh & Tài Lộc
Với Âm Dương Thuận Lý, Mệnh Cục bình hòa nhưng Đại Hạn Nghịch Hành, quỹ đạo cuộc đời của Bạn cho thấy giai đoạn tiền vận cần sự phấn đấu lớn, có thể gặp nhiều thử thách và biến động. Hậu vận sẽ dần ổn định và có sự phát triển bền vững hơn, đặc biệt khi Thân cư Tài Bạch.

Cung Quan Lộc tại Dậu không có chính tinh, lại bị Triệt án ngữ, cho thấy con đường công danh sự nghiệp của Bạn không đi theo lối truyền thống hoặc sẽ gặp nhiều trắc trở, không ổn định ở giai đoạn đầu. Triệt có thể làm giảm bớt sự thăng tiến theo hệ thống tổ chức lớn, đòi hỏi Bạn phải tự thân vận động hoặc phù hợp với những ngành nghề có tính chất tự do, không gò bó. Có Long Trì và Thiên Quan cho thấy Bạn có khả năng được công nhận về năng lực, có danh tiếng nhất định trong lĩnh vực của mình, nhưng sự thăng tiến thường đến từ những con đường không chính thống hoặc sau nhiều lần thay đổi.

Cung Tài Bạch tại Sửu có Thiên Phủ (Bình hòa), Thân cư Tài Bạch, cho thấy hậu vận Bạn sẽ chú trọng nhiều vào việc tích lũy và quản lý tài sản. Thiên Phủ là kho tiền, biểu thị khả năng giữ tiền tốt, nhưng có Thiên Khốc, Bạch Hổ đồng cung có thể báo hiệu những giai đoạn tài chính gặp khó khăn, hoặc phải chi tiêu lớn vì những việc bất ngờ. Thân cư Tài Bạch cho thấy tài lộc là mối quan tâm hàng đầu và là yếu tố định hình cuộc sống ở giai đoạn sau. Cung Điền Trạch tại Thân bị Triệt, Văn Khúc, Thiên Việt, cho thấy việc an cư lạc nghiệp, sở hữu bất động sản có phần trắc trở, khó khăn, hoặc có sự thay đổi lớn về nơi ở, nhà cửa.

> Triệt án ngữ cung Quan Lộc khiến đường công danh không theo tuyến thẳng, cần sự linh hoạt và khả năng thích nghi cao. Tuy nhiên, Thân cư Tài Bạch có Thiên Phủ bình hòa cho thấy khả năng tự thân tạo dựng và tích lũy tài sản về hậu vận vẫn rất tốt, dù công danh có thể không quá hiển hách nhưng tài chính vẫn đảm bảo. Các biến động trong sự nghiệp không nhất thiết là xấu, mà có thể là cơ hội để Bạn tìm ra con đường phù hợp hơn với mình.

### Tình Duyên
Cung Phu Thê tại Mão có Tử Vi (Bình hòa) và Tham Lang (Hãm địa), cùng với Địa Kiếp (Hãm địa) và Hóa Quyền. Sự kết hợp của Tử Vi Tham Lang hãm địa thường biểu thị một cuộc hôn nhân có phần phức tạp, đối tác có thể là người đa tình hoặc có nhiều mối quan hệ trước khi đến với Bạn. Địa Kiếp hãm địa gây ra nhiều sóng gió, thị phi và thử thách lớn trong hôn nhân, dễ dẫn đến những mâu thuẫn sâu sắc hoặc sự đổ vỡ nếu không có sự thấu hiểu và nhường nhịn. Hóa Quyền đồng cung cho thấy cả hai bên đều có cá tính mạnh, thích nắm quyền kiểm soát, dễ dẫn đến tranh giành quyền lực trong mối quan hệ.

> Địa Kiếp hãm địa cùng Hóa Quyền trong cung Phu Thê báo hiệu sự tranh giành quyền lực và những sóng gió lớn trong hôn nhân. Để duy trì sự ổn định, Bạn và người phối ngẫu cần học cách nhường nhịn, tôn trọng không gian và quyết định của đối phương, tránh đẩy mâu thuẫn lên cao độ. Sự bao dung và thấu hiểu sẽ là chìa khóa để vượt qua những thử thách này.

### Gia Đạo
Cung Phụ Mẫu tại Ngọ có Thiên Lương (Miếu địa), Văn Xương, Lộc Tồn, Đào Hoa, Hóa Khoa. Cha mẹ của Bạn là những người có học thức, phẩm chất tốt đẹp, có danh tiếng và có địa vị trong xã hội. Họ có thể là người sống thọ và mang lại nhiều sự giúp đỡ, chỉ dẫn cho Bạn. Tuy nhiên, Thiên Không đồng cung có thể khiến tình cảm đôi khi có sự xa cách hoặc có những biến cố bất ngờ xảy ra với cha mẹ.

Cung Tử Tức tại Dần có Thiên Cơ (Hãm địa) và Thái Âm (Hãm địa), cùng Linh Tinh (Miếu địa) và Kiếp Sát. Điều này có thể cho thấy con cái có thể đến muộn, hoặc Bạn có thể gặp khó khăn trong việc nuôi dạy con cái. Con cái có thể có cá tính mạnh, thông minh nhưng cũng khá nóng nảy, bướng bỉnh do Linh Tinh miếu địa. Mối quan hệ giữa cha mẹ và con cái có thể có sự xa cách hoặc ít hòa hợp do Thiên Cơ, Thái Âm hãm địa.

Cung Huynh Đệ tại Thìn có Cự Môn (Hãm địa), Thiên Hình, Quả Tú. Điều này cho thấy mối quan hệ với anh chị em có thể không được hòa thuận, dễ xảy ra mâu thuẫn, thị phi hoặc có những cách trở. Có thể có anh chị em gặp phải những chuyện không may hoặc có tính cách cô độc, khó gần.

Cung Điền Trạch tại Thân bị Triệt, Văn Khúc, Thiên Việt. Việc sở hữu nhà cửa, đất đai không thuận lợi ngay từ đầu, có thể gặp nhiều cản trở, sự cố hoặc phải thay đổi nhiều nơi ở trước khi ổn định. Triệt ở đây làm giảm đi sự thuận lợi, may mắn trong việc mua bán, xây dựng tài sản.

### Vận Hạn 2026 (Bính Ngọ)

Đại Vận hiện tại của Bạn đang ở cung TỬ TỨC, bắt đầu từ tuổi 33 (đến 42 tuổi). Cung này có Thiên Cơ (Hãm địa) và Thái Âm (Hãm địa), cùng Linh Tinh (Miếu địa) và Kiếp Sát. Giai đoạn 10 năm này là thời kỳ có nhiều biến động, Bạn dễ có những trăn trở, suy nghĩ về đường con cái, học vấn, hoặc các dự định đầu tư mới. Thiên Cơ và Thái Âm hãm địa có thể gây ra sự bất ổn về tâm lý, cảm xúc, khiến Bạn dễ lo âu, thiếu quyết đoán. Linh Tinh miếu địa có thể thúc đẩy sự thay đổi mạnh mẽ, nhưng cũng kèm theo tính nóng nảy và những xung đột tiềm ẩn.

Tiểu Hạn năm 2026 rơi vào cung ĐIỀN TRẠCH, cung này bị Triệt án ngữ. Trong năm này, các kế hoạch liên quan đến nhà cửa, đất đai, tài sản hoặc nơi cư ngụ có thể gặp phải sự cản trở, đình trệ hoặc bị hủy bỏ giữa chừng. L.Tang Môn và L.Thiên Mã đồng cung cho thấy có khả năng xảy ra biến cố buồn phiền trong gia đình, đặc biệt là liên quan đến người lớn tuổi, hoặc có sự di chuyển, thay đổi nơi ở nhưng không được như ý hoặc phải đối mặt với nhiều rắc rối.

Biến động Tứ Hóa Lưu Niên trong năm 2026 mang đến các ảnh hưởng sau:
L.THIÊN ĐỒNG Hóa Lộc nhập cung NÔ BỘC. Cung Nô Bộc có Thiên Đồng (Hãm địa) và bị Tuần án ngữ. Mặc dù có Hóa Lộc, các mối quan hệ bạn bè, đồng nghiệp hoặc đối tác trong năm có thể mang lại cơ hội kiếm tiền hoặc lợi ích, nhưng do Thiên Đồng hãm và bị Tuần, những cơ hội này dễ bị giảm sút hiệu lực, không bền vững, hoặc phải trải qua nhiều khó khăn mới đạt được.
L.THIÊN CƠ Hóa Quyền nhập cung TỬ TỨC. Cung Tử Tức chính là Đại Vận hiện tại của Bạn. Thiên Cơ hãm địa. L.Hóa Quyền tăng cường sự chủ động, mạnh mẽ trong việc giải quyết các vấn đề liên quan đến con cái, học vấn hoặc các dự án mới. Tuy nhiên, Thiên Cơ hãm địa có thể khiến sự quyết đoán này đôi khi mang lại áp lực, hoặc những quyết định vội vàng không lường hết hậu quả.
L.VĂN XƯƠNG Hóa Khoa nhập cung PHỤ MẪU. Cung Phụ Mẫu có Thiên Lương (Miếu địa), Văn Xương, Lộc Tồn. Hóa Khoa nhập đây cho thấy Bạn có thể nhận được sự hỗ trợ, giúp đỡ từ cha mẹ hoặc người lớn trong các vấn đề học hành, thi cử, giấy tờ, hoặc danh tiếng của cha mẹ được củng cố. Tuy nhiên, L.Kình Dương và L.Thái Tuế đồng thời nhập Phụ Mẫu cũng báo hiệu có thể có những thị phi, tranh chấp nhỏ liên quan đến cha mẹ hoặc trong gia đình.
L.LIÊM TRINH Hóa Kỵ nhập cung PHÚC ĐỨC. Cung Phúc Đức có Liêm Trinh (D), Thất Sát (Miếu địa), Địa Không, Kình Dương. Hóa Kỵ nhập cung này dễ gây ra những lo âu, buồn phiền liên quan đến dòng họ, mồ mả tổ tiên, hoặc có thể có mâu thuẫn, thị phi với người thân. Liêm Trinh Hóa Kỵ cũng cần cẩn trọng các vấn đề liên quan đến pháp lý, sức khỏe, đặc biệt là các bệnh về máu huyết hoặc hệ tiêu hóa.

Năm 2026 là một năm có nhiều biến động, đặc biệt trong các mối quan hệ xã hội và các kế hoạch liên quan đến tài sản, nhà cửa. Các vấn đề gia đạo cũng có thể mang đến những phiền muộn, đòi hỏi Bạn phải giữ vững tâm lý và hành động thận trọng.

> Bạn Vibhh là người có phong thái đáng tin cậy, trọng nguyên tắc từ Thiên Tướng ở Mệnh, được bổ trợ bởi sự cương nghị của Vũ Khúc là Chủ Mệnh. Tuy nhiên, Đà La đồng cung Mệnh khiến Bạn dễ trì trệ, và Chủ Thân Thiên Cơ (hãm địa) ở Tài Bạch làm cho hậu vận tuy chú trọng tài chính nhưng lại có nhiều biến động trong tư duy. Cuộc đời Bạn, với Đại Hạn Nghịch Hành, sẽ trải qua nhiều thử thách ở tiền vận nhưng hậu vận dần ổn định hơn. Năm 2026 cho thấy nhiều thử thách trong các kế hoạch lớn về tài sản, mối quan hệ và có thể có những buồn phiền trong gia đạo hoặc dòng họ.
[/AST_RESULT]